<?xml version="1.0" encoding="UTF-8"?>
<!-- Generated by org.testng.reporters.JUnitReportReporter -->
<testsuite hostname="DESKTOP-T7AJ7NV" failures="0" tests="1" name="tests.LoginTest" time="6.425" errors="0" timestamp="2022-03-19T07:46:20 CET" skipped="0">
  <testcase classname="tests.LoginTest" name="login" time="6.425"/>
  <system-out/>
</testsuite> <!-- tests.LoginTest -->
