<?xml version="1.0" encoding="UTF-8"?>
<!-- Generated by org.testng.reporters.JUnitReportReporter -->
<testsuite hostname="DESKTOP-T7AJ7NV" failures="0" tests="1" name="tests_with_login.RemoveItemFromCartTest" time="3.177" errors="0" timestamp="2022-03-19T07:46:20 CET" skipped="0">
  <testcase classname="tests_with_login.RemoveItemFromCartTest" name="removeItem" time="3.177"/>
  <system-out/>
</testsuite> <!-- tests_with_login.RemoveItemFromCartTest -->
